{"/Users/haiderali/Desktop/airtribe/news-aggregator-api/index.js":{"path":"/Users/haiderali/Desktop/airtribe/news-aggregator-api/index.js","statementMap":{"0":{"start":{"line":1,"column":16},"end":{"line":1,"column":34}},"1":{"start":{"line":2,"column":19},"end":{"line":2,"column":41}},"2":{"start":{"line":3,"column":13},"end":{"line":3,"column":28}},"3":{"start":{"line":4,"column":23},"end":{"line":4,"column":41}},"4":{"start":{"line":5,"column":15},"end":{"line":5,"column":40}},"5":{"start":{"line":6,"column":17},"end":{"line":6,"column":36}},"6":{"start":{"line":7,"column":27},"end":{"line":7,"column":70}},"7":{"start":{"line":8,"column":20},"end":{"line":8,"column":55}},"8":{"start":{"line":9,"column":13},"end":{"line":9,"column":41}},"9":{"start":{"line":10,"column":0},"end":{"line":10,"column":27}},"10":{"start":{"line":14,"column":4},"end":{"line":14,"column":54}},"11":{"start":{"line":15,"column":22},"end":{"line":15,"column":68}},"12":{"start":{"line":17,"column":12},"end":{"line":17,"column":21}},"13":{"start":{"line":18,"column":13},"end":{"line":18,"column":17}},"14":{"start":{"line":20,"column":0},"end":{"line":20,"column":16}},"15":{"start":{"line":21,"column":0},"end":{"line":21,"column":52}},"16":{"start":{"line":22,"column":0},"end":{"line":22,"column":27}},"17":{"start":{"line":24,"column":0},"end":{"line":34,"column":1}},"18":{"start":{"line":25,"column":2},"end":{"line":33,"column":3}},"19":{"start":{"line":26,"column":4},"end":{"line":29,"column":7}},"20":{"start":{"line":30,"column":4},"end":{"line":30,"column":35}},"21":{"start":{"line":32,"column":4},"end":{"line":32,"column":56}},"22":{"start":{"line":36,"column":0},"end":{"line":36,"column":30}},"23":{"start":{"line":38,"column":0},"end":{"line":38,"column":41}},"24":{"start":{"line":40,"column":0},"end":{"line":40,"column":53}},"25":{"start":{"line":42,"column":0},"end":{"line":42,"column":53}},"26":{"start":{"line":44,"column":0},"end":{"line":44,"column":41}},"27":{"start":{"line":46,"column":0},"end":{"line":48,"column":3}},"28":{"start":{"line":47,"column":2},"end":{"line":47,"column":55}},"29":{"start":{"line":50,"column":0},"end":{"line":50,"column":21}}},"fnMap":{"0":{"name":"(anonymous_0)","decl":{"start":{"line":46,"column":17},"end":{"line":46,"column":18}},"loc":{"start":{"line":46,"column":23},"end":{"line":48,"column":1}},"line":46}},"branchMap":{"0":{"loc":{"start":{"line":24,"column":0},"end":{"line":34,"column":1}},"type":"if","locations":[{"start":{"line":24,"column":0},"end":{"line":34,"column":1}},{"start":{"line":24,"column":0},"end":{"line":34,"column":1}}],"line":24}},"s":{"0":1,"1":1,"2":1,"3":1,"4":1,"5":1,"6":1,"7":1,"8":1,"9":1,"10":1,"11":1,"12":1,"13":1,"14":1,"15":1,"16":1,"17":1,"18":0,"19":0,"20":0,"21":0,"22":1,"23":1,"24":1,"25":1,"26":1,"27":1,"28":1,"29":1},"f":{"0":1},"b":{"0":[0,1]},"_coverageSchema":"1a1c01bbd47fc00a2c39e90264f33305004495a9","hash":"a029a0617a22ace1129d18bd4783abf10f6c3c5e","contentHash":"aa745cb86c77d9a887084bdd0ed6fc32db4bd93976ce12689234e4e714569888"},"/Users/haiderali/Desktop/airtribe/news-aggregator-api/src/controllers/authController.js":{"path":"/Users/haiderali/Desktop/airtribe/news-aggregator-api/src/controllers/authController.js","statementMap":{"0":{"start":{"line":1,"column":12},"end":{"line":1,"column":35}},"1":{"start":{"line":2,"column":15},"end":{"line":2,"column":32}},"2":{"start":{"line":3,"column":13},"end":{"line":3,"column":38}},"3":{"start":{"line":6,"column":13},"end":{"line":26,"column":1}},"4":{"start":{"line":7,"column":15},"end":{"line":13,"column":4}},"5":{"start":{"line":14,"column":2},"end":{"line":25,"column":7}},"6":{"start":{"line":17,"column":6},"end":{"line":19,"column":9}},"7":{"start":{"line":22,"column":6},"end":{"line":24,"column":9}},"8":{"start":{"line":28,"column":15},"end":{"line":75,"column":1}},"9":{"start":{"line":29,"column":2},"end":{"line":74,"column":7}},"10":{"start":{"line":33,"column":6},"end":{"line":38,"column":7}},"11":{"start":{"line":34,"column":8},"end":{"line":37,"column":11}},"12":{"start":{"line":39,"column":30},"end":{"line":42,"column":7}},"13":{"start":{"line":43,"column":6},"end":{"line":48,"column":7}},"14":{"start":{"line":44,"column":8},"end":{"line":47,"column":11}},"15":{"start":{"line":49,"column":20},"end":{"line":57,"column":7}},"16":{"start":{"line":58,"column":6},"end":{"line":68,"column":9}},"17":{"start":{"line":71,"column":6},"end":{"line":73,"column":9}},"18":{"start":{"line":77,"column":0},"end":{"line":77,"column":36}}},"fnMap":{"0":{"name":"(anonymous_0)","decl":{"start":{"line":6,"column":13},"end":{"line":6,"column":14}},"loc":{"start":{"line":6,"column":27},"end":{"line":26,"column":1}},"line":6},"1":{"name":"(anonymous_1)","decl":{"start":{"line":16,"column":10},"end":{"line":16,"column":11}},"loc":{"start":{"line":16,"column":20},"end":{"line":20,"column":5}},"line":16},"2":{"name":"(anonymous_2)","decl":{"start":{"line":21,"column":11},"end":{"line":21,"column":12}},"loc":{"start":{"line":21,"column":20},"end":{"line":25,"column":5}},"line":21},"3":{"name":"(anonymous_3)","decl":{"start":{"line":28,"column":15},"end":{"line":28,"column":16}},"loc":{"start":{"line":28,"column":29},"end":{"line":75,"column":1}},"line":28},"4":{"name":"(anonymous_4)","decl":{"start":{"line":32,"column":10},"end":{"line":32,"column":11}},"loc":{"start":{"line":32,"column":20},"end":{"line":69,"column":5}},"line":32},"5":{"name":"(anonymous_5)","decl":{"start":{"line":70,"column":11},"end":{"line":70,"column":12}},"loc":{"start":{"line":70,"column":20},"end":{"line":74,"column":5}},"line":70}},"branchMap":{"0":{"loc":{"start":{"line":33,"column":6},"end":{"line":38,"column":7}},"type":"if","locations":[{"start":{"line":33,"column":6},"end":{"line":38,"column":7}},{"start":{"line":33,"column":6},"end":{"line":38,"column":7}}],"line":33},"1":{"loc":{"start":{"line":43,"column":6},"end":{"line":48,"column":7}},"type":"if","locations":[{"start":{"line":43,"column":6},"end":{"line":48,"column":7}},{"start":{"line":43,"column":6},"end":{"line":48,"column":7}}],"line":43}},"s":{"0":1,"1":1,"2":1,"3":1,"4":11,"5":11,"6":6,"7":5,"8":1,"9":5,"10":5,"11":1,"12":4,"13":4,"14":1,"15":3,"16":3,"17":0,"18":1},"f":{"0":11,"1":6,"2":5,"3":5,"4":5,"5":0},"b":{"0":[1,4],"1":[1,3]},"_coverageSchema":"1a1c01bbd47fc00a2c39e90264f33305004495a9","hash":"f8c73fc00fadb25ce95ab87bd24b7852f498437a","contentHash":"ad9af6a9becbe6c0e6b5f98c88efd94566c13ca599401d07215eec2b052064f0"},"/Users/haiderali/Desktop/airtribe/news-aggregator-api/src/models/user.js":{"path":"/Users/haiderali/Desktop/airtribe/news-aggregator-api/src/models/user.js","statementMap":{"0":{"start":{"line":1,"column":17},"end":{"line":1,"column":36}},"1":{"start":{"line":2,"column":19},"end":{"line":2,"column":48}},"2":{"start":{"line":3,"column":0},"end":{"line":3,"column":25}},"3":{"start":{"line":4,"column":18},"end":{"line":4,"column":38}},"4":{"start":{"line":6,"column":19},"end":{"line":52,"column":2}},"5":{"start":{"line":39,"column":8},"end":{"line":39,"column":36}},"6":{"start":{"line":54,"column":0},"end":{"line":54,"column":52}}},"fnMap":{"0":{"name":"(anonymous_0)","decl":{"start":{"line":38,"column":17},"end":{"line":38,"column":18}},"loc":{"start":{"line":38,"column":30},"end":{"line":40,"column":7}},"line":38}},"branchMap":{},"s":{"0":1,"1":1,"2":1,"3":1,"4":1,"5":13,"6":1},"f":{"0":13},"b":{},"_coverageSchema":"1a1c01bbd47fc00a2c39e90264f33305004495a9","hash":"fd1eb807116a1cb193f4adbd57d6de7a483ccf85","contentHash":"252d4908a1ea860f516cb8e60bb5046b7a244ff29b9fb008a3904794bb8bcbc8"},"/Users/haiderali/Desktop/airtribe/news-aggregator-api/src/middleware/authJWT.js":{"path":"/Users/haiderali/Desktop/airtribe/news-aggregator-api/src/middleware/authJWT.js","statementMap":{"0":{"start":{"line":1,"column":12},"end":{"line":1,"column":35}},"1":{"start":{"line":2,"column":13},"end":{"line":2,"column":38}},"2":{"start":{"line":3,"column":13},"end":{"line":3,"column":38}},"3":{"start":{"line":5,"column":20},"end":{"line":39,"column":1}},"4":{"start":{"line":6,"column":2},"end":{"line":38,"column":3}},"5":{"start":{"line":11,"column":4},"end":{"line":33,"column":6}},"6":{"start":{"line":15,"column":8},"end":{"line":18,"column":9}},"7":{"start":{"line":16,"column":10},"end":{"line":16,"column":31}},"8":{"start":{"line":17,"column":10},"end":{"line":17,"column":17}},"9":{"start":{"line":19,"column":8},"end":{"line":31,"column":13}},"10":{"start":{"line":24,"column":12},"end":{"line":24,"column":28}},"11":{"start":{"line":25,"column":12},"end":{"line":25,"column":19}},"12":{"start":{"line":28,"column":12},"end":{"line":30,"column":15}},"13":{"start":{"line":35,"column":4},"end":{"line":35,"column":25}},"14":{"start":{"line":36,"column":4},"end":{"line":36,"column":51}},"15":{"start":{"line":37,"column":4},"end":{"line":37,"column":11}},"16":{"start":{"line":41,"column":0},"end":{"line":41,"column":29}}},"fnMap":{"0":{"name":"(anonymous_0)","decl":{"start":{"line":5,"column":20},"end":{"line":5,"column":21}},"loc":{"start":{"line":5,"column":40},"end":{"line":39,"column":1}},"line":5},"1":{"name":"(anonymous_1)","decl":{"start":{"line":14,"column":6},"end":{"line":14,"column":7}},"loc":{"start":{"line":14,"column":29},"end":{"line":32,"column":7}},"line":14},"2":{"name":"(anonymous_2)","decl":{"start":{"line":23,"column":16},"end":{"line":23,"column":17}},"loc":{"start":{"line":23,"column":26},"end":{"line":26,"column":11}},"line":23},"3":{"name":"(anonymous_3)","decl":{"start":{"line":27,"column":17},"end":{"line":27,"column":18}},"loc":{"start":{"line":27,"column":26},"end":{"line":31,"column":11}},"line":27}},"branchMap":{"0":{"loc":{"start":{"line":6,"column":2},"end":{"line":38,"column":3}},"type":"if","locations":[{"start":{"line":6,"column":2},"end":{"line":38,"column":3}},{"start":{"line":6,"column":2},"end":{"line":38,"column":3}}],"line":6},"1":{"loc":{"start":{"line":7,"column":4},"end":{"line":9,"column":53}},"type":"binary-expr","locations":[{"start":{"line":7,"column":4},"end":{"line":7,"column":15}},{"start":{"line":8,"column":4},"end":{"line":8,"column":29}},{"start":{"line":9,"column":4},"end":{"line":9,"column":53}}],"line":7},"2":{"loc":{"start":{"line":15,"column":8},"end":{"line":18,"column":9}},"type":"if","locations":[{"start":{"line":15,"column":8},"end":{"line":18,"column":9}},{"start":{"line":15,"column":8},"end":{"line":18,"column":9}}],"line":15}},"s":{"0":1,"1":1,"2":1,"3":1,"4":7,"5":2,"6":2,"7":1,"8":1,"9":2,"10":1,"11":1,"12":0,"13":5,"14":5,"15":5,"16":1},"f":{"0":7,"1":2,"2":1,"3":0},"b":{"0":[2,5],"1":[7,7,2],"2":[1,1]},"_coverageSchema":"1a1c01bbd47fc00a2c39e90264f33305004495a9","hash":"01163d4b2cd4af53be237a3788d65b1c57b3167c","contentHash":"19295b6b064c3f8490d8a21d8492a19026fb38e9961d3348fb0789d81df8df07"},"/Users/haiderali/Desktop/airtribe/news-aggregator-api/src/controllers/preferencesController.js":{"path":"/Users/haiderali/Desktop/airtribe/news-aggregator-api/src/controllers/preferencesController.js","statementMap":{"0":{"start":{"line":1,"column":13},"end":{"line":1,"column":38}},"1":{"start":{"line":3,"column":23},"end":{"line":19,"column":1}},"2":{"start":{"line":4,"column":2},"end":{"line":12,"column":3}},"3":{"start":{"line":5,"column":4},"end":{"line":7,"column":7}},"4":{"start":{"line":8,"column":9},"end":{"line":12,"column":3}},"5":{"start":{"line":9,"column":4},"end":{"line":11,"column":7}},"6":{"start":{"line":13,"column":2},"end":{"line":18,"column":5}},"7":{"start":{"line":14,"column":4},"end":{"line":16,"column":5}},"8":{"start":{"line":15,"column":6},"end":{"line":15,"column":63}},"9":{"start":{"line":17,"column":4},"end":{"line":17,"column":50}},"10":{"start":{"line":21,"column":23},"end":{"line":42,"column":1}},"11":{"start":{"line":22,"column":2},"end":{"line":30,"column":3}},"12":{"start":{"line":23,"column":4},"end":{"line":25,"column":7}},"13":{"start":{"line":26,"column":9},"end":{"line":30,"column":3}},"14":{"start":{"line":27,"column":4},"end":{"line":29,"column":7}},"15":{"start":{"line":32,"column":17},"end":{"line":32,"column":28}},"16":{"start":{"line":33,"column":26},"end":{"line":33,"column":34}},"17":{"start":{"line":34,"column":2},"end":{"line":41,"column":4}},"18":{"start":{"line":36,"column":6},"end":{"line":38,"column":7}},"19":{"start":{"line":37,"column":8},"end":{"line":37,"column":65}},"20":{"start":{"line":39,"column":6},"end":{"line":39,"column":40}},"21":{"start":{"line":44,"column":0},"end":{"line":44,"column":52}}},"fnMap":{"0":{"name":"(anonymous_0)","decl":{"start":{"line":3,"column":23},"end":{"line":3,"column":24}},"loc":{"start":{"line":3,"column":37},"end":{"line":19,"column":1}},"line":3},"1":{"name":"(anonymous_1)","decl":{"start":{"line":13,"column":34},"end":{"line":13,"column":35}},"loc":{"start":{"line":13,"column":44},"end":{"line":18,"column":3}},"line":13},"2":{"name":"(anonymous_2)","decl":{"start":{"line":21,"column":23},"end":{"line":21,"column":24}},"loc":{"start":{"line":21,"column":37},"end":{"line":42,"column":1}},"line":21},"3":{"name":"(anonymous_3)","decl":{"start":{"line":35,"column":4},"end":{"line":35,"column":5}},"loc":{"start":{"line":35,"column":14},"end":{"line":40,"column":5}},"line":35}},"branchMap":{"0":{"loc":{"start":{"line":4,"column":2},"end":{"line":12,"column":3}},"type":"if","locations":[{"start":{"line":4,"column":2},"end":{"line":12,"column":3}},{"start":{"line":4,"column":2},"end":{"line":12,"column":3}}],"line":4},"1":{"loc":{"start":{"line":4,"column":6},"end":{"line":4,"column":38}},"type":"binary-expr","locations":[{"start":{"line":4,"column":6},"end":{"line":4,"column":15}},{"start":{"line":4,"column":19},"end":{"line":4,"column":38}}],"line":4},"2":{"loc":{"start":{"line":8,"column":9},"end":{"line":12,"column":3}},"type":"if","locations":[{"start":{"line":8,"column":9},"end":{"line":12,"column":3}},{"start":{"line":8,"column":9},"end":{"line":12,"column":3}}],"line":8},"3":{"loc":{"start":{"line":8,"column":13},"end":{"line":8,"column":37}},"type":"binary-expr","locations":[{"start":{"line":8,"column":13},"end":{"line":8,"column":22}},{"start":{"line":8,"column":26},"end":{"line":8,"column":37}}],"line":8},"4":{"loc":{"start":{"line":14,"column":4},"end":{"line":16,"column":5}},"type":"if","locations":[{"start":{"line":14,"column":4},"end":{"line":16,"column":5}},{"start":{"line":14,"column":4},"end":{"line":16,"column":5}}],"line":14},"5":{"loc":{"start":{"line":22,"column":2},"end":{"line":30,"column":3}},"type":"if","locations":[{"start":{"line":22,"column":2},"end":{"line":30,"column":3}},{"start":{"line":22,"column":2},"end":{"line":30,"column":3}}],"line":22},"6":{"loc":{"start":{"line":22,"column":6},"end":{"line":22,"column":38}},"type":"binary-expr","locations":[{"start":{"line":22,"column":6},"end":{"line":22,"column":15}},{"start":{"line":22,"column":19},"end":{"line":22,"column":38}}],"line":22},"7":{"loc":{"start":{"line":26,"column":9},"end":{"line":30,"column":3}},"type":"if","locations":[{"start":{"line":26,"column":9},"end":{"line":30,"column":3}},{"start":{"line":26,"column":9},"end":{"line":30,"column":3}}],"line":26},"8":{"loc":{"start":{"line":26,"column":13},"end":{"line":26,"column":37}},"type":"binary-expr","locations":[{"start":{"line":26,"column":13},"end":{"line":26,"column":22}},{"start":{"line":26,"column":26},"end":{"line":26,"column":37}}],"line":26},"9":{"loc":{"start":{"line":36,"column":6},"end":{"line":38,"column":7}},"type":"if","locations":[{"start":{"line":36,"column":6},"end":{"line":38,"column":7}},{"start":{"line":36,"column":6},"end":{"line":38,"column":7}}],"line":36}},"s":{"0":1,"1":1,"2":0,"3":0,"4":0,"5":0,"6":0,"7":0,"8":0,"9":0,"10":1,"11":0,"12":0,"13":0,"14":0,"15":0,"16":0,"17":0,"18":0,"19":0,"20":0,"21":1},"f":{"0":0,"1":0,"2":0,"3":0},"b":{"0":[0,0],"1":[0,0],"2":[0,0],"3":[0,0],"4":[0,0],"5":[0,0],"6":[0,0],"7":[0,0],"8":[0,0],"9":[0,0]},"_coverageSchema":"1a1c01bbd47fc00a2c39e90264f33305004495a9","hash":"42868069c90ae64398941bf934ba309d5d7ff084","contentHash":"27a4f9c8164238a6d99e27e641bb1c5b0a8a6a65f89c9730472bda1876fbc5d1"},"/Users/haiderali/Desktop/airtribe/news-aggregator-api/src/controllers/newsController.js":{"path":"/Users/haiderali/Desktop/airtribe/news-aggregator-api/src/controllers/newsController.js","statementMap":{"0":{"start":{"line":1,"column":14},"end":{"line":1,"column":30}},"1":{"start":{"line":2,"column":21},"end":{"line":2,"column":45}},"2":{"start":{"line":4,"column":18},"end":{"line":23,"column":1}},"3":{"start":{"line":5,"column":26},"end":{"line":5,"column":46}},"4":{"start":{"line":7,"column":2},"end":{"line":22,"column":3}},"5":{"start":{"line":8,"column":21},"end":{"line":12,"column":6}},"6":{"start":{"line":9,"column":6},"end":{"line":11,"column":8}},"7":{"start":{"line":14,"column":22},"end":{"line":14,"column":49}},"8":{"start":{"line":16,"column":20},"end":{"line":16,"column":75}},"9":{"start":{"line":16,"column":52},"end":{"line":16,"column":74}},"10":{"start":{"line":18,"column":4},"end":{"line":18,"column":34}},"11":{"start":{"line":20,"column":4},"end":{"line":20,"column":25}},"12":{"start":{"line":21,"column":4},"end":{"line":21,"column":80}},"13":{"start":{"line":25,"column":0},"end":{"line":25,"column":31}}},"fnMap":{"0":{"name":"(anonymous_0)","decl":{"start":{"line":4,"column":18},"end":{"line":4,"column":19}},"loc":{"start":{"line":4,"column":38},"end":{"line":23,"column":1}},"line":4},"1":{"name":"(anonymous_1)","decl":{"start":{"line":8,"column":41},"end":{"line":8,"column":42}},"loc":{"start":{"line":8,"column":57},"end":{"line":12,"column":5}},"line":8},"2":{"name":"(anonymous_2)","decl":{"start":{"line":16,"column":38},"end":{"line":16,"column":39}},"loc":{"start":{"line":16,"column":52},"end":{"line":16,"column":74}},"line":16}},"branchMap":{},"s":{"0":1,"1":1,"2":1,"3":2,"4":1,"5":1,"6":5,"7":1,"8":1,"9":5,"10":1,"11":0,"12":0,"13":1},"f":{"0":2,"1":5,"2":5},"b":{},"_coverageSchema":"1a1c01bbd47fc00a2c39e90264f33305004495a9","hash":"a194595617e4a33c8f78a4da7b3d9baebce3a778","contentHash":"2d88a5b8832aadc015b132e4d8e8d05800e0765b2188ef82219be8e190430c54"}}